<?xml version="1.0" encoding="UTF-8"?>
<!-- Generated by org.testng.reporters.JUnitReportReporter -->
<testsuite hostname="LPT-AhshamKhan" failures="0" tests="1" name="E2EProject.Bproperty.SearchPage" time="10.222" errors="0" timestamp="2023-05-09T12:24:32 PKT" skipped="0">
  <testcase classname="E2EProject.Bproperty.SearchPage" name="TestCase10" time="10.222"/>
  <system-out/>
</testsuite> <!-- E2EProject.Bproperty.SearchPage -->
