<?xml version="1.0" encoding="UTF-8"?>
<!-- Generated by org.testng.reporters.JUnitReportReporter -->
<testsuite hostname="LPT-AhshamKhan" failures="0" tests="1" name="E2EProject.Bproperty.HomePage" time="7.950" errors="0" timestamp="3 May 2023 12:51:39 GMT">
  <testcase classname="E2EProject.Bproperty.HomePage" name="navigate" time="7.950"/>
</testsuite> <!-- E2EProject.Bproperty.HomePage -->
