<?xml version="1.0" encoding="UTF-8"?>
<!-- Generated by org.testng.reporters.JUnitReportReporter -->
<testsuite hostname="LPT-AhshamKhan" failures="0" tests="10" name="E2EProject.Bproperty.SearchPage" time="74.773" errors="0" timestamp="22 May 2023 13:13:09 GMT">
  <testcase classname="E2EProject.Bproperty.SearchPage" name="TestCase4" time="6.730"/>
  <testcase classname="E2EProject.Bproperty.SearchPage" name="TestCase2" time="7.654"/>
  <testcase classname="E2EProject.Bproperty.SearchPage" name="TestCase5" time="6.678"/>
  <testcase classname="E2EProject.Bproperty.SearchPage" name="TestCase1" time="7.186"/>
  <testcase classname="E2EProject.Bproperty.SearchPage" name="TestCase7" time="6.392"/>
  <testcase classname="E2EProject.Bproperty.SearchPage" name="TestCase3" time="6.252"/>
  <testcase classname="E2EProject.Bproperty.SearchPage" name="TestCase8" time="6.965"/>
  <testcase classname="E2EProject.Bproperty.SearchPage" name="TestCase6" time="7.013"/>
  <testcase classname="E2EProject.Bproperty.SearchPage" name="TestCase9" time="10.113"/>
  <testcase classname="E2EProject.Bproperty.SearchPage" name="TestCase10" time="9.790"/>
</testsuite> <!-- E2EProject.Bproperty.SearchPage -->
